/home/ricky/.local/share/mise/installs/ruby/3.4.2/lib/ruby/gems/3.4.0/gems/net-protocol-0.2.2/lib/net/protocol.rb:229:in 'IO#wait_readable': Interrupt
	from /home/ricky/.local/share/mise/installs/ruby/3.4.2/lib/ruby/gems/3.4.0/gems/net-protocol-0.2.2/lib/net/protocol.rb:229:in 'Net::BufferedIO#rbuf_fill'
	from /home/ricky/.local/share/mise/installs/ruby/3.4.2/lib/ruby/gems/3.4.0/gems/net-protocol-0.2.2/lib/net/protocol.rb:199:in 'Net::BufferedIO#readuntil'
	from /home/ricky/.local/share/mise/installs/ruby/3.4.2/lib/ruby/gems/3.4.0/gems/net-protocol-0.2.2/lib/net/protocol.rb:209:in 'Net::BufferedIO#readline'
	from /home/ricky/.local/share/mise/installs/ruby/3.4.2/lib/ruby/gems/3.4.0/gems/net-http-0.6.0/lib/net/http/response.rb:158:in 'Net::HTTPResponse.read_status_line'
	from /home/ricky/.local/share/mise/installs/ruby/3.4.2/lib/ruby/gems/3.4.0/gems/net-http-0.6.0/lib/net/http/response.rb:147:in 'Net::HTTPResponse.read_new'
	from /home/ricky/.local/share/mise/installs/ruby/3.4.2/lib/ruby/gems/3.4.0/gems/net-http-0.6.0/lib/net/http.rb:2420:in 'block in Net::HTTP#transport_request'
	from /home/ricky/.local/share/mise/installs/ruby/3.4.2/lib/ruby/gems/3.4.0/gems/net-http-0.6.0/lib/net/http.rb:2411:in 'Kernel#catch'
	from /home/ricky/.local/share/mise/installs/ruby/3.4.2/lib/ruby/gems/3.4.0/gems/net-http-0.6.0/lib/net/http.rb:2411:in 'Net::HTTP#transport_request'
	from /home/ricky/.local/share/mise/installs/ruby/3.4.2/lib/ruby/gems/3.4.0/gems/net-http-0.6.0/lib/net/http.rb:2384:in 'Net::HTTP#request'
	from /home/ricky/.local/share/mise/installs/ruby/3.4.2/lib/ruby/gems/3.4.0/gems/faraday-net_http-3.4.0/lib/faraday/adapter/net_http.rb:113:in 'block in Faraday::Adapter::NetHttp#request_with_wrapped_block'
	from /home/ricky/.local/share/mise/installs/ruby/3.4.2/lib/ruby/gems/3.4.0/gems/net-http-0.6.0/lib/net/http.rb:1632:in 'Net::HTTP#start'
	from /home/ricky/.local/share/mise/installs/ruby/3.4.2/lib/ruby/gems/3.4.0/gems/faraday-net_http-3.4.0/lib/faraday/adapter/net_http.rb:112:in 'Faraday::Adapter::NetHttp#request_with_wrapped_block'
	from /home/ricky/.local/share/mise/installs/ruby/3.4.2/lib/ruby/gems/3.4.0/gems/faraday-net_http-3.4.0/lib/faraday/adapter/net_http.rb:102:in 'Faraday::Adapter::NetHttp#perform_request'
	from /home/ricky/.local/share/mise/installs/ruby/3.4.2/lib/ruby/gems/3.4.0/gems/faraday-net_http-3.4.0/lib/faraday/adapter/net_http.rb:66:in 'block in Faraday::Adapter::NetHttp#call'
	from /home/ricky/.local/share/mise/installs/ruby/3.4.2/lib/ruby/gems/3.4.0/gems/faraday-2.12.2/lib/faraday/adapter.rb:45:in 'Faraday::Adapter#connection'
	from /home/ricky/.local/share/mise/installs/ruby/3.4.2/lib/ruby/gems/3.4.0/gems/faraday-net_http-3.4.0/lib/faraday/adapter/net_http.rb:65:in 'Faraday::Adapter::NetHttp#call'
	from /home/ricky/.local/share/mise/installs/ruby/3.4.2/lib/ruby/gems/3.4.0/gems/faraday-2.12.2/lib/faraday/request/url_encoded.rb:25:in 'Faraday::Request::UrlEncoded#call'
	from /home/ricky/.local/share/mise/installs/ruby/3.4.2/lib/ruby/gems/3.4.0/gems/faraday-multipart-1.1.0/lib/faraday/multipart/middleware.rb:27:in 'Faraday::Multipart::Middleware#call'
	from /home/ricky/.local/share/mise/installs/ruby/3.4.2/lib/ruby/gems/3.4.0/gems/faraday-2.12.2/lib/faraday/rack_builder.rb:152:in 'Faraday::RackBuilder#build_response'
	from /home/ricky/.local/share/mise/installs/ruby/3.4.2/lib/ruby/gems/3.4.0/gems/faraday-2.12.2/lib/faraday/connection.rb:452:in 'Faraday::Connection#run_request'
	from /home/ricky/.local/share/mise/installs/ruby/3.4.2/lib/ruby/gems/3.4.0/gems/faraday-2.12.2/lib/faraday/connection.rb:280:in 'Faraday::Connection#post'
	from /home/ricky/.local/share/mise/installs/ruby/3.4.2/lib/ruby/gems/3.4.0/gems/telegram-bot-ruby-2.4.0/lib/telegram/bot/api.rb:47:in 'Telegram::Bot::Api#call'
	from /home/ricky/.local/share/mise/installs/ruby/3.4.2/lib/ruby/gems/3.4.0/gems/telegram-bot-ruby-2.4.0/lib/telegram/bot/api.rb:30:in 'Telegram::Bot::Api#method_missing'
	from /home/ricky/.local/share/mise/installs/ruby/3.4.2/lib/ruby/gems/3.4.0/gems/telegram-bot-ruby-2.4.0/lib/telegram/bot/client.rb:34:in 'Telegram::Bot::Client#fetch_updates'
	from /home/ricky/.local/share/mise/installs/ruby/3.4.2/lib/ruby/gems/3.4.0/gems/telegram-bot-ruby-2.4.0/lib/telegram/bot/client.rb:26:in 'Telegram::Bot::Client#listen'
	from bot.rb:46:in 'block in JanetBot#start'
	from /home/ricky/.local/share/mise/installs/ruby/3.4.2/lib/ruby/gems/3.4.0/gems/telegram-bot-ruby-2.4.0/lib/telegram/bot/client.rb:20:in 'Telegram::Bot::Client#run'
	from /home/ricky/.local/share/mise/installs/ruby/3.4.2/lib/ruby/gems/3.4.0/gems/telegram-bot-ruby-2.4.0/lib/telegram/bot/client.rb:10:in 'Telegram::Bot::Client.run'
	from bot.rb:45:in 'JanetBot#start'
	from bot.rb:115:in '<main>'
